Function:main Start:0000a7c4 End:0000a944 Size:388
Name:0000a7c4 Function:main Start:0000a7c4 End:0000a7d0 Size:16 jump_to:None loop_to:None call_to:00009d48
Address:0000a7c4 Function:main BasicBlock:<__main__.BasicBlock instance at 0xb8d04d0> Text:push {r4, fp, lr}
Address:0000a7c8 Function:main BasicBlock:<__main__.BasicBlock instance at 0xb8d04d0> Text:add fp, sp, #8
Address:0000a7cc Function:main BasicBlock:<__main__.BasicBlock instance at 0xb8d04d0> Text:sub sp, sp, #20
Address:0000a7d0 Function:main BasicBlock:<__main__.BasicBlock instance at 0xb8d04d0> Text:bl 9d48 <reset>
Name:0000a7d4 Function:main Start:0000a7d4 End:0000a7ec Size:28 jump_to:None loop_to:None call_to:None
Address:0000a7d4 Function:main BasicBlock:<__main__.BasicBlock instance at 0xb8d0560> Text:mov r3, #10
Address:0000a7d8 Function:main BasicBlock:<__main__.BasicBlock instance at 0xb8d0560> Text:str r3, [fp, #-20] ; 0xffffffec
Address:0000a7dc Function:main BasicBlock:<__main__.BasicBlock instance at 0xb8d0560> Text:mov r3, #2000 ; 0x7d0
Address:0000a7e0 Function:main BasicBlock:<__main__.BasicBlock instance at 0xb8d0560> Text:str r3, [fp, #-24] ; 0xffffffe8
Address:0000a7e4 Function:main BasicBlock:<__main__.BasicBlock instance at 0xb8d0560> Text:mov r3, #0
Address:0000a7e8 Function:main BasicBlock:<__main__.BasicBlock instance at 0xb8d0560> Text:str r3, [fp, #-16]
Address:0000a7ec Function:main BasicBlock:<__main__.BasicBlock instance at 0xb8d0560> Text:b a830 <main+0x6c>
Name:0000a7f0 Function:main Start:0000a7f0 End:0000a808 Size:28 jump_to:None loop_to:None call_to:00008edc
Address:0000a7f0 Function:main BasicBlock:<__main__.BasicBlock instance at 0xb8d05f0> Text:ldr r3, [fp, #-24] ; 0xffffffe8
Address:0000a7f4 Function:main BasicBlock:<__main__.BasicBlock instance at 0xb8d05f0> Text:ldr r2, [pc, #332] ; a948 <main+0x184>
Address:0000a7f8 Function:main BasicBlock:<__main__.BasicBlock instance at 0xb8d05f0> Text:mul r3, r2, r3
Address:0000a7fc Function:main BasicBlock:<__main__.BasicBlock instance at 0xb8d05f0> Text:ldr r2, [fp, #-16]
Address:0000a800 Function:main BasicBlock:<__main__.BasicBlock instance at 0xb8d05f0> Text:mul r3, r2, r3
Address:0000a804 Function:main BasicBlock:<__main__.BasicBlock instance at 0xb8d05f0> Text:mov r0, r3
Address:0000a808 Function:main BasicBlock:<__main__.BasicBlock instance at 0xb8d05f0> Text:bl 8edc <my_cos>
Name:0000a80c Function:main Start:0000a80c End:0000a82c Size:36 jump_to:None loop_to:None call_to:None
Address:0000a80c Function:main BasicBlock:<__main__.BasicBlock instance at 0xb8d0680> Text:mov r3, r0
Address:0000a810 Function:main BasicBlock:<__main__.BasicBlock instance at 0xb8d0680> Text:ldr r2, [fp, #-20] ; 0xffffffec
Address:0000a814 Function:main BasicBlock:<__main__.BasicBlock instance at 0xb8d0680> Text:mul r1, r2, r3
Address:0000a818 Function:main BasicBlock:<__main__.BasicBlock instance at 0xb8d0680> Text:ldr r3, [pc, #300] ; a94c <main+0x188>
Address:0000a81c Function:main BasicBlock:<__main__.BasicBlock instance at 0xb8d0680> Text:ldr r2, [fp, #-16]
Address:0000a820 Function:main BasicBlock:<__main__.BasicBlock instance at 0xb8d0680> Text:str r1, [r3, r2, lsl #2]
Address:0000a824 Function:main BasicBlock:<__main__.BasicBlock instance at 0xb8d0680> Text:ldr r3, [fp, #-16]
Address:0000a828 Function:main BasicBlock:<__main__.BasicBlock instance at 0xb8d0680> Text:add r3, r3, #1
Address:0000a82c Function:main BasicBlock:<__main__.BasicBlock instance at 0xb8d0680> Text:str r3, [fp, #-16]
Name:0000a830 Function:main Start:0000a830 End:0000a838 Size:12 jump_to:None loop_to:None call_to:None
Address:0000a830 Function:main BasicBlock:<__main__.BasicBlock instance at 0xb8d0710> Text:ldr r3, [fp, #-16]
Address:0000a834 Function:main BasicBlock:<__main__.BasicBlock instance at 0xb8d0710> Text:cmp r3, #2
Address:0000a838 Function:main BasicBlock:<__main__.BasicBlock instance at 0xb8d0710> Text:ble a7f0 <main+0x2c>
Name:0000a83c Function:main Start:0000a83c End:0000a844 Size:12 jump_to:None loop_to:None call_to:None
Address:0000a83c Function:main BasicBlock:<__main__.BasicBlock instance at 0xb8d07a0> Text:mov r3, #0
Address:0000a840 Function:main BasicBlock:<__main__.BasicBlock instance at 0xb8d07a0> Text:str r3, [fp, #-16]
Address:0000a844 Function:main BasicBlock:<__main__.BasicBlock instance at 0xb8d07a0> Text:b a89c <main+0xd8>
Name:0000a848 Function:main Start:0000a848 End:0000a880 Size:60 jump_to:None loop_to:None call_to:00008f10
Address:0000a848 Function:main BasicBlock:<__main__.BasicBlock instance at 0xb8d0830> Text:ldr r3, [fp, #-16]
Address:0000a84c Function:main BasicBlock:<__main__.BasicBlock instance at 0xb8d0830> Text:lsr r2, r3, #31
Address:0000a850 Function:main BasicBlock:<__main__.BasicBlock instance at 0xb8d0830> Text:add r3, r2, r3
Address:0000a854 Function:main BasicBlock:<__main__.BasicBlock instance at 0xb8d0830> Text:asr r3, r3, #1
Address:0000a858 Function:main BasicBlock:<__main__.BasicBlock instance at 0xb8d0830> Text:mov r4, r3
Address:0000a85c Function:main BasicBlock:<__main__.BasicBlock instance at 0xb8d0830> Text:ldr r3, [pc, #232] ; a94c <main+0x188>
Address:0000a860 Function:main BasicBlock:<__main__.BasicBlock instance at 0xb8d0830> Text:ldr r2, [fp, #-16]
Address:0000a864 Function:main BasicBlock:<__main__.BasicBlock instance at 0xb8d0830> Text:ldr r2, [r3, r2, lsl #2]
Address:0000a868 Function:main BasicBlock:<__main__.BasicBlock instance at 0xb8d0830> Text:ldr r3, [fp, #-16]
Address:0000a86c Function:main BasicBlock:<__main__.BasicBlock instance at 0xb8d0830> Text:add r1, r3, #1
Address:0000a870 Function:main BasicBlock:<__main__.BasicBlock instance at 0xb8d0830> Text:ldr r3, [pc, #212] ; a94c <main+0x188>
Address:0000a874 Function:main BasicBlock:<__main__.BasicBlock instance at 0xb8d0830> Text:ldr r3, [r3, r1, lsl #2]
Address:0000a878 Function:main BasicBlock:<__main__.BasicBlock instance at 0xb8d0830> Text:mov r0, r2
Address:0000a87c Function:main BasicBlock:<__main__.BasicBlock instance at 0xb8d0830> Text:mov r1, r3
Address:0000a880 Function:main BasicBlock:<__main__.BasicBlock instance at 0xb8d0830> Text:bl 8f10 <encode>
Name:0000a884 Function:main Start:0000a884 End:0000a898 Size:24 jump_to:None loop_to:None call_to:None
Address:0000a884 Function:main BasicBlock:<__main__.BasicBlock instance at 0xb8d08c0> Text:mov r2, r0
Address:0000a888 Function:main BasicBlock:<__main__.BasicBlock instance at 0xb8d08c0> Text:ldr r3, [pc, #192] ; a950 <main+0x18c>
Address:0000a88c Function:main BasicBlock:<__main__.BasicBlock instance at 0xb8d08c0> Text:str r2, [r3, r4, lsl #2]
Address:0000a890 Function:main BasicBlock:<__main__.BasicBlock instance at 0xb8d08c0> Text:ldr r3, [fp, #-16]
Address:0000a894 Function:main BasicBlock:<__main__.BasicBlock instance at 0xb8d08c0> Text:add r3, r3, #2
Address:0000a898 Function:main BasicBlock:<__main__.BasicBlock instance at 0xb8d08c0> Text:str r3, [fp, #-16]
Name:0000a89c Function:main Start:0000a89c End:0000a8a4 Size:12 jump_to:None loop_to:None call_to:None
Address:0000a89c Function:main BasicBlock:<__main__.BasicBlock instance at 0xb8d0950> Text:ldr r3, [fp, #-16]
Address:0000a8a0 Function:main BasicBlock:<__main__.BasicBlock instance at 0xb8d0950> Text:cmp r3, #3
Address:0000a8a4 Function:main BasicBlock:<__main__.BasicBlock instance at 0xb8d0950> Text:ble a848 <main+0x84>
Name:0000a8a8 Function:main Start:0000a8a8 End:0000a8b0 Size:12 jump_to:None loop_to:None call_to:None
Address:0000a8a8 Function:main BasicBlock:<__main__.BasicBlock instance at 0xb8d09e0> Text:mov r3, #0
Address:0000a8ac Function:main BasicBlock:<__main__.BasicBlock instance at 0xb8d09e0> Text:str r3, [fp, #-16]
Address:0000a8b0 Function:main BasicBlock:<__main__.BasicBlock instance at 0xb8d09e0> Text:b a910 <main+0x14c>
Name:0000a8b4 Function:main Start:0000a8b4 End:0000a8d4 Size:36 jump_to:None loop_to:None call_to:00009648
Address:0000a8b4 Function:main BasicBlock:<__main__.BasicBlock instance at 0xb8d0a70> Text:ldr r3, [fp, #-16]
Address:0000a8b8 Function:main BasicBlock:<__main__.BasicBlock instance at 0xb8d0a70> Text:lsr r2, r3, #31
Address:0000a8bc Function:main BasicBlock:<__main__.BasicBlock instance at 0xb8d0a70> Text:add r3, r2, r3
Address:0000a8c0 Function:main BasicBlock:<__main__.BasicBlock instance at 0xb8d0a70> Text:asr r3, r3, #1
Address:0000a8c4 Function:main BasicBlock:<__main__.BasicBlock instance at 0xb8d0a70> Text:mov r2, r3
Address:0000a8c8 Function:main BasicBlock:<__main__.BasicBlock instance at 0xb8d0a70> Text:ldr r3, [pc, #128] ; a950 <main+0x18c>
Address:0000a8cc Function:main BasicBlock:<__main__.BasicBlock instance at 0xb8d0a70> Text:ldr r3, [r3, r2, lsl #2]
Address:0000a8d0 Function:main BasicBlock:<__main__.BasicBlock instance at 0xb8d0a70> Text:mov r0, r3
Address:0000a8d4 Function:main BasicBlock:<__main__.BasicBlock instance at 0xb8d0a70> Text:bl 9648 <decode>
Name:0000a8d8 Function:main Start:0000a8d8 End:0000a90c Size:56 jump_to:None loop_to:None call_to:None
Address:0000a8d8 Function:main BasicBlock:<__main__.BasicBlock instance at 0xb8d0b00> Text:ldr r3, [pc, #116] ; a954 <main+0x190>
Address:0000a8dc Function:main BasicBlock:<__main__.BasicBlock instance at 0xb8d0b00> Text:ldr r1, [r3]
Address:0000a8e0 Function:main BasicBlock:<__main__.BasicBlock instance at 0xb8d0b00> Text:ldr r3, [pc, #112] ; a958 <main+0x194>
Address:0000a8e4 Function:main BasicBlock:<__main__.BasicBlock instance at 0xb8d0b00> Text:ldr r2, [fp, #-16]
Address:0000a8e8 Function:main BasicBlock:<__main__.BasicBlock instance at 0xb8d0b00> Text:str r1, [r3, r2, lsl #2]
Address:0000a8ec Function:main BasicBlock:<__main__.BasicBlock instance at 0xb8d0b00> Text:ldr r3, [fp, #-16]
Address:0000a8f0 Function:main BasicBlock:<__main__.BasicBlock instance at 0xb8d0b00> Text:add r2, r3, #1
Address:0000a8f4 Function:main BasicBlock:<__main__.BasicBlock instance at 0xb8d0b00> Text:ldr r3, [pc, #96] ; a95c <main+0x198>
Address:0000a8f8 Function:main BasicBlock:<__main__.BasicBlock instance at 0xb8d0b00> Text:ldr r1, [r3]
Address:0000a8fc Function:main BasicBlock:<__main__.BasicBlock instance at 0xb8d0b00> Text:ldr r3, [pc, #84] ; a958 <main+0x194>
Address:0000a900 Function:main BasicBlock:<__main__.BasicBlock instance at 0xb8d0b00> Text:str r1, [r3, r2, lsl #2]
Address:0000a904 Function:main BasicBlock:<__main__.BasicBlock instance at 0xb8d0b00> Text:ldr r3, [fp, #-16]
Address:0000a908 Function:main BasicBlock:<__main__.BasicBlock instance at 0xb8d0b00> Text:add r3, r3, #2
Address:0000a90c Function:main BasicBlock:<__main__.BasicBlock instance at 0xb8d0b00> Text:str r3, [fp, #-16]
Name:0000a910 Function:main Start:0000a910 End:0000a918 Size:12 jump_to:None loop_to:None call_to:None
Address:0000a910 Function:main BasicBlock:<__main__.BasicBlock instance at 0xb8d0b90> Text:ldr r3, [fp, #-16]
Address:0000a914 Function:main BasicBlock:<__main__.BasicBlock instance at 0xb8d0b90> Text:cmp r3, #3
Address:0000a918 Function:main BasicBlock:<__main__.BasicBlock instance at 0xb8d0b90> Text:ble a8b4 <main+0xf0>
Name:0000a91c Function:main Start:0000a91c End:0000a944 Size:44 jump_to:None loop_to:None call_to:None
Address:0000a91c Function:main BasicBlock:<__main__.BasicBlock instance at 0xb8d0c20> Text:ldr r3, [pc, #52] ; a958 <main+0x194>
Address:0000a920 Function:main BasicBlock:<__main__.BasicBlock instance at 0xb8d0c20> Text:ldr r2, [fp, #-16]
Address:0000a924 Function:main BasicBlock:<__main__.BasicBlock instance at 0xb8d0c20> Text:ldr r2, [r3, r2, lsl #2]
Address:0000a928 Function:main BasicBlock:<__main__.BasicBlock instance at 0xb8d0c20> Text:ldr r3, [fp, #-16]
Address:0000a92c Function:main BasicBlock:<__main__.BasicBlock instance at 0xb8d0c20> Text:add r1, r3, #1
Address:0000a930 Function:main BasicBlock:<__main__.BasicBlock instance at 0xb8d0c20> Text:ldr r3, [pc, #32] ; a958 <main+0x194>
Address:0000a934 Function:main BasicBlock:<__main__.BasicBlock instance at 0xb8d0c20> Text:ldr r3, [r3, r1, lsl #2]
Address:0000a938 Function:main BasicBlock:<__main__.BasicBlock instance at 0xb8d0c20> Text:add r3, r2, r3
Address:0000a93c Function:main BasicBlock:<__main__.BasicBlock instance at 0xb8d0c20> Text:mov r0, r3
Address:0000a940 Function:main BasicBlock:<__main__.BasicBlock instance at 0xb8d0c20> Text:sub sp, fp, #8
Address:0000a944 Function:main BasicBlock:<__main__.BasicBlock instance at 0xb8d0c20> Text:pop {r4, fp, pc}